../benchmarks/raycasting0 0 0 0 0 0 0 0 0
../benchmarks/raycasting1 0 0 0 0 0 0 0 1
../benchmarks/raycasting2 0 0 0 0 0 0 0 2
../benchmarks/raycasting3 0 0 0 0 0 0 1 0
../benchmarks/raycasting4 0 0 0 0 0 0 1 1
../benchmarks/raycasting5 0 0 0 0 0 0 1 2
../benchmarks/raycasting6 0 0 0 0 0 1 0 0
../benchmarks/raycasting7 0 0 0 0 0 1 0 1
../benchmarks/raycasting8 0 0 0 0 0 1 0 2
../benchmarks/raycasting9 0 0 0 0 0 1 1 0
../benchmarks/raycasting10 0 0 0 0 0 1 1 1
../benchmarks/raycasting11 0 0 0 0 0 1 1 2
../benchmarks/raycasting12 0 0 0 0 1 0 0 0
../benchmarks/raycasting13 0 0 0 0 1 0 0 1
../benchmarks/raycasting14 0 0 0 0 1 0 0 2
../benchmarks/raycasting15 0 0 0 0 1 0 1 0
../benchmarks/raycasting16 0 0 0 0 1 0 1 1
../benchmarks/raycasting17 0 0 0 0 1 0 1 2
../benchmarks/raycasting18 0 0 0 0 1 1 0 0
../benchmarks/raycasting19 0 0 0 0 1 1 0 1
../benchmarks/raycasting20 0 0 0 0 1 1 0 2
../benchmarks/raycasting21 0 0 0 0 1 1 1 0
../benchmarks/raycasting22 0 0 0 0 1 1 1 1
../benchmarks/raycasting23 0 0 0 0 1 1 1 2
../benchmarks/raycasting24 0 0 0 1 0 0 0 0
../benchmarks/raycasting25 0 0 0 1 0 0 0 1
../benchmarks/raycasting26 0 0 0 1 0 0 0 2
../benchmarks/raycasting27 0 0 0 1 0 0 1 0
../benchmarks/raycasting28 0 0 0 1 0 0 1 1
../benchmarks/raycasting29 0 0 0 1 0 0 1 2
../benchmarks/raycasting30 0 0 0 1 0 1 0 0
../benchmarks/raycasting31 0 0 0 1 0 1 0 1
../benchmarks/raycasting32 0 0 0 1 0 1 0 2
../benchmarks/raycasting33 0 0 0 1 0 1 1 0
../benchmarks/raycasting34 0 0 0 1 0 1 1 1
../benchmarks/raycasting35 0 0 0 1 0 1 1 2
../benchmarks/raycasting36 0 0 0 1 1 0 0 0
../benchmarks/raycasting37 0 0 0 1 1 0 0 1
../benchmarks/raycasting38 0 0 0 1 1 0 0 2
../benchmarks/raycasting39 0 0 0 1 1 0 1 0
../benchmarks/raycasting40 0 0 0 1 1 0 1 1
../benchmarks/raycasting41 0 0 0 1 1 0 1 2
../benchmarks/raycasting42 0 0 0 1 1 1 0 0
../benchmarks/raycasting43 0 0 0 1 1 1 0 1
../benchmarks/raycasting44 0 0 0 1 1 1 0 2
../benchmarks/raycasting45 0 0 0 1 1 1 1 0
../benchmarks/raycasting46 0 0 0 1 1 1 1 1
../benchmarks/raycasting47 0 0 0 1 1 1 1 2
../benchmarks/raycasting48 0 0 1 0 0 0 0 0
../benchmarks/raycasting49 0 0 1 0 0 0 0 1
../benchmarks/raycasting50 0 0 1 0 0 0 0 2
../benchmarks/raycasting51 0 0 1 0 0 0 1 0
../benchmarks/raycasting52 0 0 1 0 0 0 1 1
../benchmarks/raycasting53 0 0 1 0 0 0 1 2
../benchmarks/raycasting54 0 0 1 0 0 1 0 0
../benchmarks/raycasting55 0 0 1 0 0 1 0 1
../benchmarks/raycasting56 0 0 1 0 0 1 0 2
../benchmarks/raycasting57 0 0 1 0 0 1 1 0
../benchmarks/raycasting58 0 0 1 0 0 1 1 1
../benchmarks/raycasting59 0 0 1 0 0 1 1 2
../benchmarks/raycasting60 0 0 1 0 1 0 0 0
../benchmarks/raycasting61 0 0 1 0 1 0 0 1
../benchmarks/raycasting62 0 0 1 0 1 0 0 2
../benchmarks/raycasting63 0 0 1 0 1 0 1 0
../benchmarks/raycasting64 0 0 1 0 1 0 1 1
../benchmarks/raycasting65 0 0 1 0 1 0 1 2
../benchmarks/raycasting66 0 0 1 0 1 1 0 0
../benchmarks/raycasting67 0 0 1 0 1 1 0 1
../benchmarks/raycasting68 0 0 1 0 1 1 0 2
../benchmarks/raycasting69 0 0 1 0 1 1 1 0
../benchmarks/raycasting70 0 0 1 0 1 1 1 1
../benchmarks/raycasting71 0 0 1 0 1 1 1 2
../benchmarks/raycasting72 0 0 1 1 0 0 0 0
../benchmarks/raycasting73 0 0 1 1 0 0 0 1
../benchmarks/raycasting74 0 0 1 1 0 0 0 2
../benchmarks/raycasting75 0 0 1 1 0 0 1 0
../benchmarks/raycasting76 0 0 1 1 0 0 1 1
../benchmarks/raycasting77 0 0 1 1 0 0 1 2
../benchmarks/raycasting78 0 0 1 1 0 1 0 0
../benchmarks/raycasting79 0 0 1 1 0 1 0 1
../benchmarks/raycasting80 0 0 1 1 0 1 0 2
../benchmarks/raycasting81 0 0 1 1 0 1 1 0
../benchmarks/raycasting82 0 0 1 1 0 1 1 1
../benchmarks/raycasting83 0 0 1 1 0 1 1 2
../benchmarks/raycasting84 0 0 1 1 1 0 0 0
../benchmarks/raycasting85 0 0 1 1 1 0 0 1
../benchmarks/raycasting86 0 0 1 1 1 0 0 2
../benchmarks/raycasting87 0 0 1 1 1 0 1 0
../benchmarks/raycasting88 0 0 1 1 1 0 1 1
../benchmarks/raycasting89 0 0 1 1 1 0 1 2
../benchmarks/raycasting90 0 0 1 1 1 1 0 0
../benchmarks/raycasting91 0 0 1 1 1 1 0 1
../benchmarks/raycasting92 0 0 1 1 1 1 0 2
../benchmarks/raycasting93 0 0 1 1 1 1 1 0
../benchmarks/raycasting94 0 0 1 1 1 1 1 1
../benchmarks/raycasting95 0 0 1 1 1 1 1 2
../benchmarks/raycasting96 0 1 0 0 0 0 0 0
../benchmarks/raycasting97 0 1 0 0 0 0 0 1
../benchmarks/raycasting98 0 1 0 0 0 0 0 2
../benchmarks/raycasting99 0 1 0 0 0 0 1 0
../benchmarks/raycasting100 0 1 0 0 0 0 1 1
../benchmarks/raycasting101 0 1 0 0 0 0 1 2
../benchmarks/raycasting102 0 1 0 0 0 1 0 0
../benchmarks/raycasting103 0 1 0 0 0 1 0 1
../benchmarks/raycasting104 0 1 0 0 0 1 0 2
../benchmarks/raycasting105 0 1 0 0 0 1 1 0
../benchmarks/raycasting106 0 1 0 0 0 1 1 1
../benchmarks/raycasting107 0 1 0 0 0 1 1 2
../benchmarks/raycasting108 0 1 0 0 1 0 0 0
../benchmarks/raycasting109 0 1 0 0 1 0 0 1
../benchmarks/raycasting110 0 1 0 0 1 0 0 2
../benchmarks/raycasting111 0 1 0 0 1 0 1 0
../benchmarks/raycasting112 0 1 0 0 1 0 1 1
../benchmarks/raycasting113 0 1 0 0 1 0 1 2
../benchmarks/raycasting114 0 1 0 0 1 1 0 0
../benchmarks/raycasting115 0 1 0 0 1 1 0 1
../benchmarks/raycasting116 0 1 0 0 1 1 0 2
../benchmarks/raycasting117 0 1 0 0 1 1 1 0
../benchmarks/raycasting118 0 1 0 0 1 1 1 1
../benchmarks/raycasting119 0 1 0 0 1 1 1 2
../benchmarks/raycasting120 0 1 0 1 0 0 0 0
../benchmarks/raycasting121 0 1 0 1 0 0 0 1
../benchmarks/raycasting122 0 1 0 1 0 0 0 2
../benchmarks/raycasting123 0 1 0 1 0 0 1 0
../benchmarks/raycasting124 0 1 0 1 0 0 1 1
../benchmarks/raycasting125 0 1 0 1 0 0 1 2
../benchmarks/raycasting126 0 1 0 1 0 1 0 0
../benchmarks/raycasting127 0 1 0 1 0 1 0 1
../benchmarks/raycasting128 0 1 0 1 0 1 0 2
../benchmarks/raycasting129 0 1 0 1 0 1 1 0
../benchmarks/raycasting130 0 1 0 1 0 1 1 1
../benchmarks/raycasting131 0 1 0 1 0 1 1 2
../benchmarks/raycasting132 0 1 0 1 1 0 0 0
../benchmarks/raycasting133 0 1 0 1 1 0 0 1
../benchmarks/raycasting134 0 1 0 1 1 0 0 2
../benchmarks/raycasting135 0 1 0 1 1 0 1 0
../benchmarks/raycasting136 0 1 0 1 1 0 1 1
../benchmarks/raycasting137 0 1 0 1 1 0 1 2
../benchmarks/raycasting138 0 1 0 1 1 1 0 0
../benchmarks/raycasting139 0 1 0 1 1 1 0 1
../benchmarks/raycasting140 0 1 0 1 1 1 0 2
../benchmarks/raycasting141 0 1 0 1 1 1 1 0
../benchmarks/raycasting142 0 1 0 1 1 1 1 1
../benchmarks/raycasting143 0 1 0 1 1 1 1 2
../benchmarks/raycasting144 0 1 1 0 0 0 0 0
../benchmarks/raycasting145 0 1 1 0 0 0 0 1
../benchmarks/raycasting146 0 1 1 0 0 0 0 2
../benchmarks/raycasting147 0 1 1 0 0 0 1 0
../benchmarks/raycasting148 0 1 1 0 0 0 1 1
../benchmarks/raycasting149 0 1 1 0 0 0 1 2
../benchmarks/raycasting150 0 1 1 0 0 1 0 0
../benchmarks/raycasting151 0 1 1 0 0 1 0 1
../benchmarks/raycasting152 0 1 1 0 0 1 0 2
../benchmarks/raycasting153 0 1 1 0 0 1 1 0
../benchmarks/raycasting154 0 1 1 0 0 1 1 1
../benchmarks/raycasting155 0 1 1 0 0 1 1 2
../benchmarks/raycasting156 0 1 1 0 1 0 0 0
../benchmarks/raycasting157 0 1 1 0 1 0 0 1
../benchmarks/raycasting158 0 1 1 0 1 0 0 2
../benchmarks/raycasting159 0 1 1 0 1 0 1 0
../benchmarks/raycasting160 0 1 1 0 1 0 1 1
../benchmarks/raycasting161 0 1 1 0 1 0 1 2
../benchmarks/raycasting162 0 1 1 0 1 1 0 0
../benchmarks/raycasting163 0 1 1 0 1 1 0 1
../benchmarks/raycasting164 0 1 1 0 1 1 0 2
../benchmarks/raycasting165 0 1 1 0 1 1 1 0
../benchmarks/raycasting166 0 1 1 0 1 1 1 1
../benchmarks/raycasting167 0 1 1 0 1 1 1 2
../benchmarks/raycasting168 0 1 1 1 0 0 0 0
../benchmarks/raycasting169 0 1 1 1 0 0 0 1
../benchmarks/raycasting170 0 1 1 1 0 0 0 2
../benchmarks/raycasting171 0 1 1 1 0 0 1 0
../benchmarks/raycasting172 0 1 1 1 0 0 1 1
../benchmarks/raycasting173 0 1 1 1 0 0 1 2
../benchmarks/raycasting174 0 1 1 1 0 1 0 0
../benchmarks/raycasting175 0 1 1 1 0 1 0 1
../benchmarks/raycasting176 0 1 1 1 0 1 0 2
../benchmarks/raycasting177 0 1 1 1 0 1 1 0
../benchmarks/raycasting178 0 1 1 1 0 1 1 1
../benchmarks/raycasting179 0 1 1 1 0 1 1 2
../benchmarks/raycasting180 0 1 1 1 1 0 0 0
../benchmarks/raycasting181 0 1 1 1 1 0 0 1
../benchmarks/raycasting182 0 1 1 1 1 0 0 2
../benchmarks/raycasting183 0 1 1 1 1 0 1 0
../benchmarks/raycasting184 0 1 1 1 1 0 1 1
../benchmarks/raycasting185 0 1 1 1 1 0 1 2
../benchmarks/raycasting186 0 1 1 1 1 1 0 0
../benchmarks/raycasting187 0 1 1 1 1 1 0 1
../benchmarks/raycasting188 0 1 1 1 1 1 0 2
../benchmarks/raycasting189 0 1 1 1 1 1 1 0
../benchmarks/raycasting190 0 1 1 1 1 1 1 1
../benchmarks/raycasting191 0 1 1 1 1 1 1 2
../benchmarks/raycasting192 1 0 0 0 0 0 0 0
../benchmarks/raycasting193 1 0 0 0 0 0 0 1
../benchmarks/raycasting194 1 0 0 0 0 0 0 2
../benchmarks/raycasting195 1 0 0 0 0 0 1 0
../benchmarks/raycasting196 1 0 0 0 0 0 1 1
../benchmarks/raycasting197 1 0 0 0 0 0 1 2
../benchmarks/raycasting198 1 0 0 0 0 1 0 0
../benchmarks/raycasting199 1 0 0 0 0 1 0 1
../benchmarks/raycasting200 1 0 0 0 0 1 0 2
../benchmarks/raycasting201 1 0 0 0 0 1 1 0
../benchmarks/raycasting202 1 0 0 0 0 1 1 1
../benchmarks/raycasting203 1 0 0 0 0 1 1 2
../benchmarks/raycasting204 1 0 0 0 1 0 0 0
../benchmarks/raycasting205 1 0 0 0 1 0 0 1
../benchmarks/raycasting206 1 0 0 0 1 0 0 2
../benchmarks/raycasting207 1 0 0 0 1 0 1 0
../benchmarks/raycasting208 1 0 0 0 1 0 1 1
../benchmarks/raycasting209 1 0 0 0 1 0 1 2
../benchmarks/raycasting210 1 0 0 0 1 1 0 0
../benchmarks/raycasting211 1 0 0 0 1 1 0 1
../benchmarks/raycasting212 1 0 0 0 1 1 0 2
../benchmarks/raycasting213 1 0 0 0 1 1 1 0
../benchmarks/raycasting214 1 0 0 0 1 1 1 1
../benchmarks/raycasting215 1 0 0 0 1 1 1 2
../benchmarks/raycasting216 1 0 0 1 0 0 0 0
../benchmarks/raycasting217 1 0 0 1 0 0 0 1
../benchmarks/raycasting218 1 0 0 1 0 0 0 2
../benchmarks/raycasting219 1 0 0 1 0 0 1 0
../benchmarks/raycasting220 1 0 0 1 0 0 1 1
../benchmarks/raycasting221 1 0 0 1 0 0 1 2
../benchmarks/raycasting222 1 0 0 1 0 1 0 0
../benchmarks/raycasting223 1 0 0 1 0 1 0 1
../benchmarks/raycasting224 1 0 0 1 0 1 0 2
../benchmarks/raycasting225 1 0 0 1 0 1 1 0
../benchmarks/raycasting226 1 0 0 1 0 1 1 1
../benchmarks/raycasting227 1 0 0 1 0 1 1 2
../benchmarks/raycasting228 1 0 0 1 1 0 0 0
../benchmarks/raycasting229 1 0 0 1 1 0 0 1
../benchmarks/raycasting230 1 0 0 1 1 0 0 2
../benchmarks/raycasting231 1 0 0 1 1 0 1 0
../benchmarks/raycasting232 1 0 0 1 1 0 1 1
../benchmarks/raycasting233 1 0 0 1 1 0 1 2
../benchmarks/raycasting234 1 0 0 1 1 1 0 0
../benchmarks/raycasting235 1 0 0 1 1 1 0 1
../benchmarks/raycasting236 1 0 0 1 1 1 0 2
../benchmarks/raycasting237 1 0 0 1 1 1 1 0
../benchmarks/raycasting238 1 0 0 1 1 1 1 1
../benchmarks/raycasting239 1 0 0 1 1 1 1 2
../benchmarks/raycasting240 1 0 1 0 0 0 0 0
../benchmarks/raycasting241 1 0 1 0 0 0 0 1
../benchmarks/raycasting242 1 0 1 0 0 0 0 2
../benchmarks/raycasting243 1 0 1 0 0 0 1 0
../benchmarks/raycasting244 1 0 1 0 0 0 1 1
../benchmarks/raycasting245 1 0 1 0 0 0 1 2
../benchmarks/raycasting246 1 0 1 0 0 1 0 0
../benchmarks/raycasting247 1 0 1 0 0 1 0 1
../benchmarks/raycasting248 1 0 1 0 0 1 0 2
../benchmarks/raycasting249 1 0 1 0 0 1 1 0
../benchmarks/raycasting250 1 0 1 0 0 1 1 1
../benchmarks/raycasting251 1 0 1 0 0 1 1 2
../benchmarks/raycasting252 1 0 1 0 1 0 0 0
../benchmarks/raycasting253 1 0 1 0 1 0 0 1
../benchmarks/raycasting254 1 0 1 0 1 0 0 2
../benchmarks/raycasting255 1 0 1 0 1 0 1 0
../benchmarks/raycasting256 1 0 1 0 1 0 1 1
../benchmarks/raycasting257 1 0 1 0 1 0 1 2
../benchmarks/raycasting258 1 0 1 0 1 1 0 0
../benchmarks/raycasting259 1 0 1 0 1 1 0 1
../benchmarks/raycasting260 1 0 1 0 1 1 0 2
../benchmarks/raycasting261 1 0 1 0 1 1 1 0
../benchmarks/raycasting262 1 0 1 0 1 1 1 1
../benchmarks/raycasting263 1 0 1 0 1 1 1 2
../benchmarks/raycasting264 1 0 1 1 0 0 0 0
../benchmarks/raycasting265 1 0 1 1 0 0 0 1
../benchmarks/raycasting266 1 0 1 1 0 0 0 2
../benchmarks/raycasting267 1 0 1 1 0 0 1 0
../benchmarks/raycasting268 1 0 1 1 0 0 1 1
../benchmarks/raycasting269 1 0 1 1 0 0 1 2
../benchmarks/raycasting270 1 0 1 1 0 1 0 0
../benchmarks/raycasting271 1 0 1 1 0 1 0 1
../benchmarks/raycasting272 1 0 1 1 0 1 0 2
../benchmarks/raycasting273 1 0 1 1 0 1 1 0
../benchmarks/raycasting274 1 0 1 1 0 1 1 1
../benchmarks/raycasting275 1 0 1 1 0 1 1 2
../benchmarks/raycasting276 1 0 1 1 1 0 0 0
../benchmarks/raycasting277 1 0 1 1 1 0 0 1
../benchmarks/raycasting278 1 0 1 1 1 0 0 2
../benchmarks/raycasting279 1 0 1 1 1 0 1 0
../benchmarks/raycasting280 1 0 1 1 1 0 1 1
../benchmarks/raycasting281 1 0 1 1 1 0 1 2
../benchmarks/raycasting282 1 0 1 1 1 1 0 0
../benchmarks/raycasting283 1 0 1 1 1 1 0 1
../benchmarks/raycasting284 1 0 1 1 1 1 0 2
../benchmarks/raycasting285 1 0 1 1 1 1 1 0
../benchmarks/raycasting286 1 0 1 1 1 1 1 1
../benchmarks/raycasting287 1 0 1 1 1 1 1 2
../benchmarks/raycasting288 1 1 0 0 0 0 0 0
../benchmarks/raycasting289 1 1 0 0 0 0 0 1
../benchmarks/raycasting290 1 1 0 0 0 0 0 2
../benchmarks/raycasting291 1 1 0 0 0 0 1 0
../benchmarks/raycasting292 1 1 0 0 0 0 1 1
../benchmarks/raycasting293 1 1 0 0 0 0 1 2
../benchmarks/raycasting294 1 1 0 0 0 1 0 0
../benchmarks/raycasting295 1 1 0 0 0 1 0 1
../benchmarks/raycasting296 1 1 0 0 0 1 0 2
../benchmarks/raycasting297 1 1 0 0 0 1 1 0
../benchmarks/raycasting298 1 1 0 0 0 1 1 1
../benchmarks/raycasting299 1 1 0 0 0 1 1 2
../benchmarks/raycasting300 1 1 0 0 1 0 0 0
../benchmarks/raycasting301 1 1 0 0 1 0 0 1
../benchmarks/raycasting302 1 1 0 0 1 0 0 2
../benchmarks/raycasting303 1 1 0 0 1 0 1 0
../benchmarks/raycasting304 1 1 0 0 1 0 1 1
../benchmarks/raycasting305 1 1 0 0 1 0 1 2
../benchmarks/raycasting306 1 1 0 0 1 1 0 0
../benchmarks/raycasting307 1 1 0 0 1 1 0 1
../benchmarks/raycasting308 1 1 0 0 1 1 0 2
../benchmarks/raycasting309 1 1 0 0 1 1 1 0
../benchmarks/raycasting310 1 1 0 0 1 1 1 1
../benchmarks/raycasting311 1 1 0 0 1 1 1 2
../benchmarks/raycasting312 1 1 0 1 0 0 0 0
../benchmarks/raycasting313 1 1 0 1 0 0 0 1
../benchmarks/raycasting314 1 1 0 1 0 0 0 2
../benchmarks/raycasting315 1 1 0 1 0 0 1 0
../benchmarks/raycasting316 1 1 0 1 0 0 1 1
../benchmarks/raycasting317 1 1 0 1 0 0 1 2
../benchmarks/raycasting318 1 1 0 1 0 1 0 0
../benchmarks/raycasting319 1 1 0 1 0 1 0 1
../benchmarks/raycasting320 1 1 0 1 0 1 0 2
../benchmarks/raycasting321 1 1 0 1 0 1 1 0
../benchmarks/raycasting322 1 1 0 1 0 1 1 1
../benchmarks/raycasting323 1 1 0 1 0 1 1 2
../benchmarks/raycasting324 1 1 0 1 1 0 0 0
../benchmarks/raycasting325 1 1 0 1 1 0 0 1
../benchmarks/raycasting326 1 1 0 1 1 0 0 2
../benchmarks/raycasting327 1 1 0 1 1 0 1 0
../benchmarks/raycasting328 1 1 0 1 1 0 1 1
../benchmarks/raycasting329 1 1 0 1 1 0 1 2
../benchmarks/raycasting330 1 1 0 1 1 1 0 0
../benchmarks/raycasting331 1 1 0 1 1 1 0 1
../benchmarks/raycasting332 1 1 0 1 1 1 0 2
../benchmarks/raycasting333 1 1 0 1 1 1 1 0
../benchmarks/raycasting334 1 1 0 1 1 1 1 1
../benchmarks/raycasting335 1 1 0 1 1 1 1 2
../benchmarks/raycasting336 1 1 1 0 0 0 0 0
../benchmarks/raycasting337 1 1 1 0 0 0 0 1
../benchmarks/raycasting338 1 1 1 0 0 0 0 2
../benchmarks/raycasting339 1 1 1 0 0 0 1 0
../benchmarks/raycasting340 1 1 1 0 0 0 1 1
../benchmarks/raycasting341 1 1 1 0 0 0 1 2
../benchmarks/raycasting342 1 1 1 0 0 1 0 0
../benchmarks/raycasting343 1 1 1 0 0 1 0 1
../benchmarks/raycasting344 1 1 1 0 0 1 0 2
../benchmarks/raycasting345 1 1 1 0 0 1 1 0
../benchmarks/raycasting346 1 1 1 0 0 1 1 1
../benchmarks/raycasting347 1 1 1 0 0 1 1 2
../benchmarks/raycasting348 1 1 1 0 1 0 0 0
../benchmarks/raycasting349 1 1 1 0 1 0 0 1
../benchmarks/raycasting350 1 1 1 0 1 0 0 2
../benchmarks/raycasting351 1 1 1 0 1 0 1 0
../benchmarks/raycasting352 1 1 1 0 1 0 1 1
../benchmarks/raycasting353 1 1 1 0 1 0 1 2
../benchmarks/raycasting354 1 1 1 0 1 1 0 0
../benchmarks/raycasting355 1 1 1 0 1 1 0 1
../benchmarks/raycasting356 1 1 1 0 1 1 0 2
../benchmarks/raycasting357 1 1 1 0 1 1 1 0
../benchmarks/raycasting358 1 1 1 0 1 1 1 1
../benchmarks/raycasting359 1 1 1 0 1 1 1 2
../benchmarks/raycasting360 1 1 1 1 0 0 0 0
../benchmarks/raycasting361 1 1 1 1 0 0 0 1
../benchmarks/raycasting362 1 1 1 1 0 0 0 2
../benchmarks/raycasting363 1 1 1 1 0 0 1 0
../benchmarks/raycasting364 1 1 1 1 0 0 1 1
../benchmarks/raycasting365 1 1 1 1 0 0 1 2
../benchmarks/raycasting366 1 1 1 1 0 1 0 0
../benchmarks/raycasting367 1 1 1 1 0 1 0 1
../benchmarks/raycasting368 1 1 1 1 0 1 0 2
../benchmarks/raycasting369 1 1 1 1 0 1 1 0
../benchmarks/raycasting370 1 1 1 1 0 1 1 1
../benchmarks/raycasting371 1 1 1 1 0 1 1 2
../benchmarks/raycasting372 1 1 1 1 1 0 0 0
../benchmarks/raycasting373 1 1 1 1 1 0 0 1
../benchmarks/raycasting374 1 1 1 1 1 0 0 2
../benchmarks/raycasting375 1 1 1 1 1 0 1 0
../benchmarks/raycasting376 1 1 1 1 1 0 1 1
../benchmarks/raycasting377 1 1 1 1 1 0 1 2
../benchmarks/raycasting378 1 1 1 1 1 1 0 0
../benchmarks/raycasting379 1 1 1 1 1 1 0 1
../benchmarks/raycasting380 1 1 1 1 1 1 0 2
../benchmarks/raycasting381 1 1 1 1 1 1 1 0
../benchmarks/raycasting382 1 1 1 1 1 1 1 1
../benchmarks/raycasting383 1 1 1 1 1 1 1 2
