../benchmarks/combined0 0 0 0 0 0 0 1 0 1 1 1
../benchmarks/combined1 0 0 0 0 0 0 1 0 2 1 1
../benchmarks/combined2 0 0 0 0 0 0 1 1 1 1 1
../benchmarks/combined3 0 0 0 0 0 0 1 1 2 1 1
../benchmarks/combined4 0 0 0 0 0 0 2 0 1 1 1
../benchmarks/combined5 0 0 0 0 0 0 2 0 2 1 1
../benchmarks/combined6 0 0 0 0 0 0 2 1 1 1 1
../benchmarks/combined7 0 0 0 0 0 0 2 1 2 1 1
../benchmarks/combined8 0 0 0 0 0 1 1 0 1 1 1
../benchmarks/combined9 0 0 0 0 0 1 1 0 1 1 2
../benchmarks/combined10 0 0 0 0 0 1 1 0 1 2 1
../benchmarks/combined11 0 0 0 0 0 1 1 0 1 2 2
../benchmarks/combined12 0 0 0 0 0 1 1 0 2 1 1
../benchmarks/combined13 0 0 0 0 0 1 1 0 2 1 2
../benchmarks/combined14 0 0 0 0 0 1 1 0 2 2 1
../benchmarks/combined15 0 0 0 0 0 1 1 0 2 2 2
../benchmarks/combined16 0 0 0 0 0 1 1 1 1 1 1
../benchmarks/combined17 0 0 0 0 0 1 1 1 1 1 2
../benchmarks/combined18 0 0 0 0 0 1 1 1 1 2 1
../benchmarks/combined19 0 0 0 0 0 1 1 1 1 2 2
../benchmarks/combined20 0 0 0 0 0 1 1 1 2 1 1
../benchmarks/combined21 0 0 0 0 0 1 1 1 2 1 2
../benchmarks/combined22 0 0 0 0 0 1 1 1 2 2 1
../benchmarks/combined23 0 0 0 0 0 1 1 1 2 2 2
../benchmarks/combined24 0 0 0 0 0 1 2 0 1 1 1
../benchmarks/combined25 0 0 0 0 0 1 2 0 1 1 2
../benchmarks/combined26 0 0 0 0 0 1 2 0 1 2 1
../benchmarks/combined27 0 0 0 0 0 1 2 0 1 2 2
../benchmarks/combined28 0 0 0 0 0 1 2 0 2 1 1
../benchmarks/combined29 0 0 0 0 0 1 2 0 2 1 2
../benchmarks/combined30 0 0 0 0 0 1 2 0 2 2 1
../benchmarks/combined31 0 0 0 0 0 1 2 0 2 2 2
../benchmarks/combined32 0 0 0 0 0 1 2 1 1 1 1
../benchmarks/combined33 0 0 0 0 0 1 2 1 1 1 2
../benchmarks/combined34 0 0 0 0 0 1 2 1 1 2 1
../benchmarks/combined35 0 0 0 0 0 1 2 1 1 2 2
../benchmarks/combined36 0 0 0 0 0 1 2 1 2 1 1
../benchmarks/combined37 0 0 0 0 0 1 2 1 2 1 2
../benchmarks/combined38 0 0 0 0 0 1 2 1 2 2 1
../benchmarks/combined39 0 0 0 0 0 1 2 1 2 2 2
../benchmarks/combined40 0 0 0 0 0 2 1 0 1 1 1
../benchmarks/combined41 0 0 0 0 0 2 1 0 1 1 2
../benchmarks/combined42 0 0 0 0 0 2 1 0 1 2 1
../benchmarks/combined43 0 0 0 0 0 2 1 0 1 2 2
../benchmarks/combined44 0 0 0 0 0 2 1 0 2 1 1
../benchmarks/combined45 0 0 0 0 0 2 1 0 2 1 2
../benchmarks/combined46 0 0 0 0 0 2 1 0 2 2 1
../benchmarks/combined47 0 0 0 0 0 2 1 0 2 2 2
../benchmarks/combined48 0 0 0 0 0 2 1 1 1 1 1
../benchmarks/combined49 0 0 0 0 0 2 1 1 1 1 2
../benchmarks/combined50 0 0 0 0 0 2 1 1 1 2 1
../benchmarks/combined51 0 0 0 0 0 2 1 1 1 2 2
../benchmarks/combined52 0 0 0 0 0 2 1 1 2 1 1
../benchmarks/combined53 0 0 0 0 0 2 1 1 2 1 2
../benchmarks/combined54 0 0 0 0 0 2 1 1 2 2 1
../benchmarks/combined55 0 0 0 0 0 2 1 1 2 2 2
../benchmarks/combined56 0 0 0 0 0 2 2 0 1 1 1
../benchmarks/combined57 0 0 0 0 0 2 2 0 1 1 2
../benchmarks/combined58 0 0 0 0 0 2 2 0 1 2 1
../benchmarks/combined59 0 0 0 0 0 2 2 0 1 2 2
../benchmarks/combined60 0 0 0 0 0 2 2 0 2 1 1
../benchmarks/combined61 0 0 0 0 0 2 2 0 2 1 2
../benchmarks/combined62 0 0 0 0 0 2 2 0 2 2 1
../benchmarks/combined63 0 0 0 0 0 2 2 0 2 2 2
../benchmarks/combined64 0 0 0 0 0 2 2 1 1 1 1
../benchmarks/combined65 0 0 0 0 0 2 2 1 1 1 2
../benchmarks/combined66 0 0 0 0 0 2 2 1 1 2 1
../benchmarks/combined67 0 0 0 0 0 2 2 1 1 2 2
../benchmarks/combined68 0 0 0 0 0 2 2 1 2 1 1
../benchmarks/combined69 0 0 0 0 0 2 2 1 2 1 2
../benchmarks/combined70 0 0 0 0 0 2 2 1 2 2 1
../benchmarks/combined71 0 0 0 0 0 2 2 1 2 2 2
../benchmarks/combined72 0 0 0 0 1 0 1 0 1 1 1
../benchmarks/combined73 0 0 0 0 1 0 2 0 1 1 1
../benchmarks/combined74 0 0 0 0 1 1 1 0 1 1 1
../benchmarks/combined75 0 0 0 0 1 1 2 0 1 1 1
../benchmarks/combined76 0 0 0 0 1 2 1 0 1 1 1
../benchmarks/combined77 0 0 0 0 1 2 2 0 1 1 1
../benchmarks/combined78 0 1 0 0 0 0 1 0 1 1 1
../benchmarks/combined79 0 1 0 0 0 0 1 0 2 1 1
../benchmarks/combined80 0 1 0 0 0 0 1 1 1 1 1
../benchmarks/combined81 0 1 0 0 0 0 1 1 2 1 1
../benchmarks/combined82 0 1 0 0 0 0 2 0 1 1 1
../benchmarks/combined83 0 1 0 0 0 0 2 0 2 1 1
../benchmarks/combined84 0 1 0 0 0 0 2 1 1 1 1
../benchmarks/combined85 0 1 0 0 0 0 2 1 2 1 1
../benchmarks/combined86 0 1 0 0 0 1 1 0 1 1 1
../benchmarks/combined87 0 1 0 0 0 1 1 0 1 1 2
../benchmarks/combined88 0 1 0 0 0 1 1 0 1 2 1
../benchmarks/combined89 0 1 0 0 0 1 1 0 1 2 2
../benchmarks/combined90 0 1 0 0 0 1 1 0 2 1 1
../benchmarks/combined91 0 1 0 0 0 1 1 0 2 1 2
../benchmarks/combined92 0 1 0 0 0 1 1 0 2 2 1
../benchmarks/combined93 0 1 0 0 0 1 1 0 2 2 2
../benchmarks/combined94 0 1 0 0 0 1 1 1 1 1 1
../benchmarks/combined95 0 1 0 0 0 1 1 1 1 1 2
../benchmarks/combined96 0 1 0 0 0 1 1 1 1 2 1
../benchmarks/combined97 0 1 0 0 0 1 1 1 1 2 2
../benchmarks/combined98 0 1 0 0 0 1 1 1 2 1 1
../benchmarks/combined99 0 1 0 0 0 1 1 1 2 1 2
../benchmarks/combined100 0 1 0 0 0 1 1 1 2 2 1
../benchmarks/combined101 0 1 0 0 0 1 1 1 2 2 2
../benchmarks/combined102 0 1 0 0 0 1 2 0 1 1 1
../benchmarks/combined103 0 1 0 0 0 1 2 0 1 1 2
../benchmarks/combined104 0 1 0 0 0 1 2 0 1 2 1
../benchmarks/combined105 0 1 0 0 0 1 2 0 1 2 2
../benchmarks/combined106 0 1 0 0 0 1 2 0 2 1 1
../benchmarks/combined107 0 1 0 0 0 1 2 0 2 1 2
../benchmarks/combined108 0 1 0 0 0 1 2 0 2 2 1
../benchmarks/combined109 0 1 0 0 0 1 2 0 2 2 2
../benchmarks/combined110 0 1 0 0 0 1 2 1 1 1 1
../benchmarks/combined111 0 1 0 0 0 1 2 1 1 1 2
../benchmarks/combined112 0 1 0 0 0 1 2 1 1 2 1
../benchmarks/combined113 0 1 0 0 0 1 2 1 1 2 2
../benchmarks/combined114 0 1 0 0 0 1 2 1 2 1 1
../benchmarks/combined115 0 1 0 0 0 1 2 1 2 1 2
../benchmarks/combined116 0 1 0 0 0 1 2 1 2 2 1
../benchmarks/combined117 0 1 0 0 0 1 2 1 2 2 2
../benchmarks/combined118 0 1 0 0 0 2 1 0 1 1 1
../benchmarks/combined119 0 1 0 0 0 2 1 0 1 1 2
../benchmarks/combined120 0 1 0 0 0 2 1 0 1 2 1
../benchmarks/combined121 0 1 0 0 0 2 1 0 1 2 2
../benchmarks/combined122 0 1 0 0 0 2 1 0 2 1 1
../benchmarks/combined123 0 1 0 0 0 2 1 0 2 1 2
../benchmarks/combined124 0 1 0 0 0 2 1 0 2 2 1
../benchmarks/combined125 0 1 0 0 0 2 1 0 2 2 2
../benchmarks/combined126 0 1 0 0 0 2 1 1 1 1 1
../benchmarks/combined127 0 1 0 0 0 2 1 1 1 1 2
../benchmarks/combined128 0 1 0 0 0 2 1 1 1 2 1
../benchmarks/combined129 0 1 0 0 0 2 1 1 1 2 2
../benchmarks/combined130 0 1 0 0 0 2 1 1 2 1 1
../benchmarks/combined131 0 1 0 0 0 2 1 1 2 1 2
../benchmarks/combined132 0 1 0 0 0 2 1 1 2 2 1
../benchmarks/combined133 0 1 0 0 0 2 1 1 2 2 2
../benchmarks/combined134 0 1 0 0 0 2 2 0 1 1 1
../benchmarks/combined135 0 1 0 0 0 2 2 0 1 1 2
../benchmarks/combined136 0 1 0 0 0 2 2 0 1 2 1
../benchmarks/combined137 0 1 0 0 0 2 2 0 1 2 2
../benchmarks/combined138 0 1 0 0 0 2 2 0 2 1 1
../benchmarks/combined139 0 1 0 0 0 2 2 0 2 1 2
../benchmarks/combined140 0 1 0 0 0 2 2 0 2 2 1
../benchmarks/combined141 0 1 0 0 0 2 2 0 2 2 2
../benchmarks/combined142 0 1 0 0 0 2 2 1 1 1 1
../benchmarks/combined143 0 1 0 0 0 2 2 1 1 1 2
../benchmarks/combined144 0 1 0 0 0 2 2 1 1 2 1
../benchmarks/combined145 0 1 0 0 0 2 2 1 1 2 2
../benchmarks/combined146 0 1 0 0 0 2 2 1 2 1 1
../benchmarks/combined147 0 1 0 0 0 2 2 1 2 1 2
../benchmarks/combined148 0 1 0 0 0 2 2 1 2 2 1
../benchmarks/combined149 0 1 0 0 0 2 2 1 2 2 2
../benchmarks/combined150 0 1 0 0 1 0 1 0 1 1 1
../benchmarks/combined151 0 1 0 0 1 0 2 0 1 1 1
../benchmarks/combined152 0 1 0 0 1 1 1 0 1 1 1
../benchmarks/combined153 0 1 0 0 1 1 2 0 1 1 1
../benchmarks/combined154 0 1 0 0 1 2 1 0 1 1 1
../benchmarks/combined155 0 1 0 0 1 2 2 0 1 1 1
../benchmarks/combined156 0 1 1 0 0 0 1 0 1 1 1
../benchmarks/combined157 0 1 1 0 0 0 1 0 2 1 1
../benchmarks/combined158 0 1 1 0 0 0 1 1 1 1 1
../benchmarks/combined159 0 1 1 0 0 0 1 1 2 1 1
../benchmarks/combined160 0 1 1 0 0 0 2 0 1 1 1
../benchmarks/combined161 0 1 1 0 0 0 2 0 2 1 1
../benchmarks/combined162 0 1 1 0 0 0 2 1 1 1 1
../benchmarks/combined163 0 1 1 0 0 0 2 1 2 1 1
../benchmarks/combined164 0 1 1 0 0 1 1 0 1 1 1
../benchmarks/combined165 0 1 1 0 0 1 1 0 1 1 2
../benchmarks/combined166 0 1 1 0 0 1 1 0 1 2 1
../benchmarks/combined167 0 1 1 0 0 1 1 0 1 2 2
../benchmarks/combined168 0 1 1 0 0 1 1 0 2 1 1
../benchmarks/combined169 0 1 1 0 0 1 1 0 2 1 2
../benchmarks/combined170 0 1 1 0 0 1 1 0 2 2 1
../benchmarks/combined171 0 1 1 0 0 1 1 0 2 2 2
../benchmarks/combined172 0 1 1 0 0 1 1 1 1 1 1
../benchmarks/combined173 0 1 1 0 0 1 1 1 1 1 2
../benchmarks/combined174 0 1 1 0 0 1 1 1 1 2 1
../benchmarks/combined175 0 1 1 0 0 1 1 1 1 2 2
../benchmarks/combined176 0 1 1 0 0 1 1 1 2 1 1
../benchmarks/combined177 0 1 1 0 0 1 1 1 2 1 2
../benchmarks/combined178 0 1 1 0 0 1 1 1 2 2 1
../benchmarks/combined179 0 1 1 0 0 1 1 1 2 2 2
../benchmarks/combined180 0 1 1 0 0 1 2 0 1 1 1
../benchmarks/combined181 0 1 1 0 0 1 2 0 1 1 2
../benchmarks/combined182 0 1 1 0 0 1 2 0 1 2 1
../benchmarks/combined183 0 1 1 0 0 1 2 0 1 2 2
../benchmarks/combined184 0 1 1 0 0 1 2 0 2 1 1
../benchmarks/combined185 0 1 1 0 0 1 2 0 2 1 2
../benchmarks/combined186 0 1 1 0 0 1 2 0 2 2 1
../benchmarks/combined187 0 1 1 0 0 1 2 0 2 2 2
../benchmarks/combined188 0 1 1 0 0 1 2 1 1 1 1
../benchmarks/combined189 0 1 1 0 0 1 2 1 1 1 2
../benchmarks/combined190 0 1 1 0 0 1 2 1 1 2 1
../benchmarks/combined191 0 1 1 0 0 1 2 1 1 2 2
../benchmarks/combined192 0 1 1 0 0 1 2 1 2 1 1
../benchmarks/combined193 0 1 1 0 0 1 2 1 2 1 2
../benchmarks/combined194 0 1 1 0 0 1 2 1 2 2 1
../benchmarks/combined195 0 1 1 0 0 1 2 1 2 2 2
../benchmarks/combined196 0 1 1 0 0 2 1 0 1 1 1
../benchmarks/combined197 0 1 1 0 0 2 1 0 1 1 2
../benchmarks/combined198 0 1 1 0 0 2 1 0 1 2 1
../benchmarks/combined199 0 1 1 0 0 2 1 0 1 2 2
../benchmarks/combined200 0 1 1 0 0 2 1 0 2 1 1
../benchmarks/combined201 0 1 1 0 0 2 1 0 2 1 2
../benchmarks/combined202 0 1 1 0 0 2 1 0 2 2 1
../benchmarks/combined203 0 1 1 0 0 2 1 0 2 2 2
../benchmarks/combined204 0 1 1 0 0 2 1 1 1 1 1
../benchmarks/combined205 0 1 1 0 0 2 1 1 1 1 2
../benchmarks/combined206 0 1 1 0 0 2 1 1 1 2 1
../benchmarks/combined207 0 1 1 0 0 2 1 1 1 2 2
../benchmarks/combined208 0 1 1 0 0 2 1 1 2 1 1
../benchmarks/combined209 0 1 1 0 0 2 1 1 2 1 2
../benchmarks/combined210 0 1 1 0 0 2 1 1 2 2 1
../benchmarks/combined211 0 1 1 0 0 2 1 1 2 2 2
../benchmarks/combined212 0 1 1 0 0 2 2 0 1 1 1
../benchmarks/combined213 0 1 1 0 0 2 2 0 1 1 2
../benchmarks/combined214 0 1 1 0 0 2 2 0 1 2 1
../benchmarks/combined215 0 1 1 0 0 2 2 0 1 2 2
../benchmarks/combined216 0 1 1 0 0 2 2 0 2 1 1
../benchmarks/combined217 0 1 1 0 0 2 2 0 2 1 2
../benchmarks/combined218 0 1 1 0 0 2 2 0 2 2 1
../benchmarks/combined219 0 1 1 0 0 2 2 0 2 2 2
../benchmarks/combined220 0 1 1 0 0 2 2 1 1 1 1
../benchmarks/combined221 0 1 1 0 0 2 2 1 1 1 2
../benchmarks/combined222 0 1 1 0 0 2 2 1 1 2 1
../benchmarks/combined223 0 1 1 0 0 2 2 1 1 2 2
../benchmarks/combined224 0 1 1 0 0 2 2 1 2 1 1
../benchmarks/combined225 0 1 1 0 0 2 2 1 2 1 2
../benchmarks/combined226 0 1 1 0 0 2 2 1 2 2 1
../benchmarks/combined227 0 1 1 0 0 2 2 1 2 2 2
../benchmarks/combined228 0 1 1 0 1 0 1 0 1 1 1
../benchmarks/combined229 0 1 1 0 1 0 2 0 1 1 1
../benchmarks/combined230 0 1 1 0 1 1 1 0 1 1 1
../benchmarks/combined231 0 1 1 0 1 1 2 0 1 1 1
../benchmarks/combined232 0 1 1 0 1 2 1 0 1 1 1
../benchmarks/combined233 0 1 1 0 1 2 2 0 1 1 1
../benchmarks/combined234 1 1 0 0 0 0 1 0 1 1 1
../benchmarks/combined235 1 1 0 0 0 0 1 0 2 1 1
../benchmarks/combined236 1 1 0 0 0 0 1 1 1 1 1
../benchmarks/combined237 1 1 0 0 0 0 1 1 2 1 1
../benchmarks/combined238 1 1 0 0 0 0 2 0 1 1 1
../benchmarks/combined239 1 1 0 0 0 0 2 0 2 1 1
../benchmarks/combined240 1 1 0 0 0 0 2 1 1 1 1
../benchmarks/combined241 1 1 0 0 0 0 2 1 2 1 1
../benchmarks/combined242 1 1 0 0 0 1 1 0 1 1 1
../benchmarks/combined243 1 1 0 0 0 1 1 0 1 1 2
../benchmarks/combined244 1 1 0 0 0 1 1 0 1 2 1
../benchmarks/combined245 1 1 0 0 0 1 1 0 1 2 2
../benchmarks/combined246 1 1 0 0 0 1 1 0 2 1 1
../benchmarks/combined247 1 1 0 0 0 1 1 0 2 1 2
../benchmarks/combined248 1 1 0 0 0 1 1 0 2 2 1
../benchmarks/combined249 1 1 0 0 0 1 1 0 2 2 2
../benchmarks/combined250 1 1 0 0 0 1 1 1 1 1 1
../benchmarks/combined251 1 1 0 0 0 1 1 1 1 1 2
../benchmarks/combined252 1 1 0 0 0 1 1 1 1 2 1
../benchmarks/combined253 1 1 0 0 0 1 1 1 1 2 2
../benchmarks/combined254 1 1 0 0 0 1 1 1 2 1 1
../benchmarks/combined255 1 1 0 0 0 1 1 1 2 1 2
../benchmarks/combined256 1 1 0 0 0 1 1 1 2 2 1
../benchmarks/combined257 1 1 0 0 0 1 1 1 2 2 2
../benchmarks/combined258 1 1 0 0 0 1 2 0 1 1 1
../benchmarks/combined259 1 1 0 0 0 1 2 0 1 1 2
../benchmarks/combined260 1 1 0 0 0 1 2 0 1 2 1
../benchmarks/combined261 1 1 0 0 0 1 2 0 1 2 2
../benchmarks/combined262 1 1 0 0 0 1 2 0 2 1 1
../benchmarks/combined263 1 1 0 0 0 1 2 0 2 1 2
../benchmarks/combined264 1 1 0 0 0 1 2 0 2 2 1
../benchmarks/combined265 1 1 0 0 0 1 2 0 2 2 2
../benchmarks/combined266 1 1 0 0 0 1 2 1 1 1 1
../benchmarks/combined267 1 1 0 0 0 1 2 1 1 1 2
../benchmarks/combined268 1 1 0 0 0 1 2 1 1 2 1
../benchmarks/combined269 1 1 0 0 0 1 2 1 1 2 2
../benchmarks/combined270 1 1 0 0 0 1 2 1 2 1 1
../benchmarks/combined271 1 1 0 0 0 1 2 1 2 1 2
../benchmarks/combined272 1 1 0 0 0 1 2 1 2 2 1
../benchmarks/combined273 1 1 0 0 0 1 2 1 2 2 2
../benchmarks/combined274 1 1 0 0 0 2 1 0 1 1 1
../benchmarks/combined275 1 1 0 0 0 2 1 0 1 1 2
../benchmarks/combined276 1 1 0 0 0 2 1 0 1 2 1
../benchmarks/combined277 1 1 0 0 0 2 1 0 1 2 2
../benchmarks/combined278 1 1 0 0 0 2 1 0 2 1 1
../benchmarks/combined279 1 1 0 0 0 2 1 0 2 1 2
../benchmarks/combined280 1 1 0 0 0 2 1 0 2 2 1
../benchmarks/combined281 1 1 0 0 0 2 1 0 2 2 2
../benchmarks/combined282 1 1 0 0 0 2 1 1 1 1 1
../benchmarks/combined283 1 1 0 0 0 2 1 1 1 1 2
../benchmarks/combined284 1 1 0 0 0 2 1 1 1 2 1
../benchmarks/combined285 1 1 0 0 0 2 1 1 1 2 2
../benchmarks/combined286 1 1 0 0 0 2 1 1 2 1 1
../benchmarks/combined287 1 1 0 0 0 2 1 1 2 1 2
../benchmarks/combined288 1 1 0 0 0 2 1 1 2 2 1
../benchmarks/combined289 1 1 0 0 0 2 1 1 2 2 2
../benchmarks/combined290 1 1 0 0 0 2 2 0 1 1 1
../benchmarks/combined291 1 1 0 0 0 2 2 0 1 1 2
../benchmarks/combined292 1 1 0 0 0 2 2 0 1 2 1
../benchmarks/combined293 1 1 0 0 0 2 2 0 1 2 2
../benchmarks/combined294 1 1 0 0 0 2 2 0 2 1 1
../benchmarks/combined295 1 1 0 0 0 2 2 0 2 1 2
../benchmarks/combined296 1 1 0 0 0 2 2 0 2 2 1
../benchmarks/combined297 1 1 0 0 0 2 2 0 2 2 2
../benchmarks/combined298 1 1 0 0 0 2 2 1 1 1 1
../benchmarks/combined299 1 1 0 0 0 2 2 1 1 1 2
../benchmarks/combined300 1 1 0 0 0 2 2 1 1 2 1
../benchmarks/combined301 1 1 0 0 0 2 2 1 1 2 2
../benchmarks/combined302 1 1 0 0 0 2 2 1 2 1 1
../benchmarks/combined303 1 1 0 0 0 2 2 1 2 1 2
../benchmarks/combined304 1 1 0 0 0 2 2 1 2 2 1
../benchmarks/combined305 1 1 0 0 0 2 2 1 2 2 2
../benchmarks/combined306 1 1 0 0 1 0 1 0 1 1 1
../benchmarks/combined307 1 1 0 0 1 0 2 0 1 1 1
../benchmarks/combined308 1 1 0 0 1 1 1 0 1 1 1
../benchmarks/combined309 1 1 0 0 1 1 2 0 1 1 1
../benchmarks/combined310 1 1 0 0 1 2 1 0 1 1 1
../benchmarks/combined311 1 1 0 0 1 2 2 0 1 1 1
../benchmarks/combined312 1 1 1 0 0 0 1 0 1 1 1
../benchmarks/combined313 1 1 1 0 0 0 1 0 2 1 1
../benchmarks/combined314 1 1 1 0 0 0 1 1 1 1 1
../benchmarks/combined315 1 1 1 0 0 0 1 1 2 1 1
../benchmarks/combined316 1 1 1 0 0 0 2 0 1 1 1
../benchmarks/combined317 1 1 1 0 0 0 2 0 2 1 1
../benchmarks/combined318 1 1 1 0 0 0 2 1 1 1 1
../benchmarks/combined319 1 1 1 0 0 0 2 1 2 1 1
../benchmarks/combined320 1 1 1 0 0 1 1 0 1 1 1
../benchmarks/combined321 1 1 1 0 0 1 1 0 1 1 2
../benchmarks/combined322 1 1 1 0 0 1 1 0 1 2 1
../benchmarks/combined323 1 1 1 0 0 1 1 0 1 2 2
../benchmarks/combined324 1 1 1 0 0 1 1 0 2 1 1
../benchmarks/combined325 1 1 1 0 0 1 1 0 2 1 2
../benchmarks/combined326 1 1 1 0 0 1 1 0 2 2 1
../benchmarks/combined327 1 1 1 0 0 1 1 0 2 2 2
../benchmarks/combined328 1 1 1 0 0 1 1 1 1 1 1
../benchmarks/combined329 1 1 1 0 0 1 1 1 1 1 2
../benchmarks/combined330 1 1 1 0 0 1 1 1 1 2 1
../benchmarks/combined331 1 1 1 0 0 1 1 1 1 2 2
../benchmarks/combined332 1 1 1 0 0 1 1 1 2 1 1
../benchmarks/combined333 1 1 1 0 0 1 1 1 2 1 2
../benchmarks/combined334 1 1 1 0 0 1 1 1 2 2 1
../benchmarks/combined335 1 1 1 0 0 1 1 1 2 2 2
../benchmarks/combined336 1 1 1 0 0 1 2 0 1 1 1
../benchmarks/combined337 1 1 1 0 0 1 2 0 1 1 2
../benchmarks/combined338 1 1 1 0 0 1 2 0 1 2 1
../benchmarks/combined339 1 1 1 0 0 1 2 0 1 2 2
../benchmarks/combined340 1 1 1 0 0 1 2 0 2 1 1
../benchmarks/combined341 1 1 1 0 0 1 2 0 2 1 2
../benchmarks/combined342 1 1 1 0 0 1 2 0 2 2 1
../benchmarks/combined343 1 1 1 0 0 1 2 0 2 2 2
../benchmarks/combined344 1 1 1 0 0 1 2 1 1 1 1
../benchmarks/combined345 1 1 1 0 0 1 2 1 1 1 2
../benchmarks/combined346 1 1 1 0 0 1 2 1 1 2 1
../benchmarks/combined347 1 1 1 0 0 1 2 1 1 2 2
../benchmarks/combined348 1 1 1 0 0 1 2 1 2 1 1
../benchmarks/combined349 1 1 1 0 0 1 2 1 2 1 2
../benchmarks/combined350 1 1 1 0 0 1 2 1 2 2 1
../benchmarks/combined351 1 1 1 0 0 1 2 1 2 2 2
../benchmarks/combined352 1 1 1 0 0 2 1 0 1 1 1
../benchmarks/combined353 1 1 1 0 0 2 1 0 1 1 2
../benchmarks/combined354 1 1 1 0 0 2 1 0 1 2 1
../benchmarks/combined355 1 1 1 0 0 2 1 0 1 2 2
../benchmarks/combined356 1 1 1 0 0 2 1 0 2 1 1
../benchmarks/combined357 1 1 1 0 0 2 1 0 2 1 2
../benchmarks/combined358 1 1 1 0 0 2 1 0 2 2 1
../benchmarks/combined359 1 1 1 0 0 2 1 0 2 2 2
../benchmarks/combined360 1 1 1 0 0 2 1 1 1 1 1
../benchmarks/combined361 1 1 1 0 0 2 1 1 1 1 2
../benchmarks/combined362 1 1 1 0 0 2 1 1 1 2 1
../benchmarks/combined363 1 1 1 0 0 2 1 1 1 2 2
../benchmarks/combined364 1 1 1 0 0 2 1 1 2 1 1
../benchmarks/combined365 1 1 1 0 0 2 1 1 2 1 2
../benchmarks/combined366 1 1 1 0 0 2 1 1 2 2 1
../benchmarks/combined367 1 1 1 0 0 2 1 1 2 2 2
../benchmarks/combined368 1 1 1 0 0 2 2 0 1 1 1
../benchmarks/combined369 1 1 1 0 0 2 2 0 1 1 2
../benchmarks/combined370 1 1 1 0 0 2 2 0 1 2 1
../benchmarks/combined371 1 1 1 0 0 2 2 0 1 2 2
../benchmarks/combined372 1 1 1 0 0 2 2 0 2 1 1
../benchmarks/combined373 1 1 1 0 0 2 2 0 2 1 2
../benchmarks/combined374 1 1 1 0 0 2 2 0 2 2 1
../benchmarks/combined375 1 1 1 0 0 2 2 0 2 2 2
../benchmarks/combined376 1 1 1 0 0 2 2 1 1 1 1
../benchmarks/combined377 1 1 1 0 0 2 2 1 1 1 2
../benchmarks/combined378 1 1 1 0 0 2 2 1 1 2 1
../benchmarks/combined379 1 1 1 0 0 2 2 1 1 2 2
../benchmarks/combined380 1 1 1 0 0 2 2 1 2 1 1
../benchmarks/combined381 1 1 1 0 0 2 2 1 2 1 2
../benchmarks/combined382 1 1 1 0 0 2 2 1 2 2 1
../benchmarks/combined383 1 1 1 0 0 2 2 1 2 2 2
../benchmarks/combined384 1 1 1 0 1 0 1 0 1 1 1
../benchmarks/combined385 1 1 1 0 1 0 2 0 1 1 1
../benchmarks/combined386 1 1 1 0 1 1 1 0 1 1 1
../benchmarks/combined387 1 1 1 0 1 1 2 0 1 1 1
../benchmarks/combined388 1 1 1 0 1 2 1 0 1 1 1
../benchmarks/combined389 1 1 1 0 1 2 2 0 1 1 1
